# SSL key logfile generated by sslkeylog.c
SERVER_HANDSHAKE_TRAFFIC_SECRET 825d21627b269f5743f3c821516d066deca910f4c6bc3c59efa5a96e4ea639a4 baead9f0f61f45abbcbf5430d21633678d4616c7a380de7e2f61ab2fd0910876df1ebdc40ac42ad03bbd9e994c176a2f
CLIENT_HANDSHAKE_TRAFFIC_SECRET 825d21627b269f5743f3c821516d066deca910f4c6bc3c59efa5a96e4ea639a4 77788e83d07b8cb45e3f1fb74f779fa639e65bafd39abe9d1b75bdcc100e6a88a122f004695a439d980472ba4a7f77c2
EXPORTER_SECRET 825d21627b269f5743f3c821516d066deca910f4c6bc3c59efa5a96e4ea639a4 1da9704443dedb0d60b0f110cd527baa2e7a87a2c6c6e1956929f94cb1da7123595d6048e103933c9bbb7190bb4c1f7f
SERVER_TRAFFIC_SECRET_0 825d21627b269f5743f3c821516d066deca910f4c6bc3c59efa5a96e4ea639a4 342fd40bee3d96871efb920c2b9fd31f3f3ec28ca4391643d9224bf89e6030578f94d22f041d22cd20bf0e97266d3fc4
CLIENT_TRAFFIC_SECRET_0 825d21627b269f5743f3c821516d066deca910f4c6bc3c59efa5a96e4ea639a4 ef64e2624a9fb0918aff67ade2bc22fff148312b94ded02e34df605d12fd05ed68cc4fab2cd8141e244530ece58af3cf
SERVER_HANDSHAKE_TRAFFIC_SECRET d69c4149e99a2255b0b1d8320186642af4f7c14c487286df39d19675032064ff 37e576899196b5493d21a8a866bacd348ff8113ec151dd34d01db372c8783584
CLIENT_HANDSHAKE_TRAFFIC_SECRET d69c4149e99a2255b0b1d8320186642af4f7c14c487286df39d19675032064ff bf933e61428a254f7e39c739c7b045926302fa33316d6b01d092bbf2b8b6be1e
EXPORTER_SECRET d69c4149e99a2255b0b1d8320186642af4f7c14c487286df39d19675032064ff 5134ca3b163a7df2949fe9dd3579cd038e399303a0193c9ba78f7999ba0cb101
SERVER_TRAFFIC_SECRET_0 d69c4149e99a2255b0b1d8320186642af4f7c14c487286df39d19675032064ff e5fd9a9604f05c736a2e8a29e7d9593e9ccd39647ee26bf267b5bb5acb50055f
SERVER_HANDSHAKE_TRAFFIC_SECRET 410f5c874141f771e53bd121b22437bff9d9fb76e1b3e6ac37371c1f5acf8585 71f187a8d723559b8e7c0970b85c9aedf4befcfac7f5a2eecd5efa43e61e67a8
CLIENT_HANDSHAKE_TRAFFIC_SECRET 410f5c874141f771e53bd121b22437bff9d9fb76e1b3e6ac37371c1f5acf8585 65426ac1e38269745ebda56f5607ef07f80cac21c1606456f9543729c0fc1441
EXPORTER_SECRET 410f5c874141f771e53bd121b22437bff9d9fb76e1b3e6ac37371c1f5acf8585 b7994e45675491e826723eb84c0604f3e76d66878008ad17794ce556d9d05ac0
SERVER_TRAFFIC_SECRET_0 410f5c874141f771e53bd121b22437bff9d9fb76e1b3e6ac37371c1f5acf8585 8357f0e726504dc1fd446ecf1c5940e307447ca032cf23402982b549915bbad9
CLIENT_TRAFFIC_SECRET_0 410f5c874141f771e53bd121b22437bff9d9fb76e1b3e6ac37371c1f5acf8585 94b5d28125de4b5a573800e1d7f43208673cc548e576671c04edaf96ae3985c2
CLIENT_TRAFFIC_SECRET_0 d69c4149e99a2255b0b1d8320186642af4f7c14c487286df39d19675032064ff ecd07b87f9494d107ba26fc9d1728a910f353a37cddc339e1eedcd1154ce38fc
SERVER_HANDSHAKE_TRAFFIC_SECRET 0c3b6ac2a7250483662b8c655a0b1b0b432e30f2fa182f5cd1cb02850d9cb09a 9bb0f3cde97bae3c4e013d6674e965cb49264300606f8e9ec9d85693369883d6
CLIENT_HANDSHAKE_TRAFFIC_SECRET 0c3b6ac2a7250483662b8c655a0b1b0b432e30f2fa182f5cd1cb02850d9cb09a 7a0551452abbd6759fd6399934c1114586e3fef7c0c1ed1480454fc9bbef5c0f
EXPORTER_SECRET 0c3b6ac2a7250483662b8c655a0b1b0b432e30f2fa182f5cd1cb02850d9cb09a 1ff771e1dd8b4139722c59a2e62dcbb337e34b67db995cd3eebbfbd95d1d6163
SERVER_TRAFFIC_SECRET_0 0c3b6ac2a7250483662b8c655a0b1b0b432e30f2fa182f5cd1cb02850d9cb09a 1160349b04865ece1ab4c82a05f4dc0a22f1b0c858084285f94b141c69f7d32a
CLIENT_TRAFFIC_SECRET_0 0c3b6ac2a7250483662b8c655a0b1b0b432e30f2fa182f5cd1cb02850d9cb09a 54f65ac6650b8b0f9b76dda1fa3242cd00d6e0f1e307af713f23c11d4ebb2c9e
